Using pre-set license
Built from '2021.1/staging' branch; Version is '2021.1.3f1 (4bef613afd59) revision 4976481'; Using compiler version '192528614'; Build Type 'Release'
OS: 'Windows 10 Home Single Language; OS build 19043.1052; Version 2009; 64bit' Language: 'en' Physical Memory: 8067 MB
BatchMode: 1, IsHumanControllingUs: 0, StartBugReporterOnCrash: 0, Is64bit: 1, IsPro: 0

 COMMAND LINE ARGUMENTS:
C:\Program Files\Unity\Hub\Editor\2021.1.3f1\Editor\Unity.exe
-adb2
-batchMode
-noUpm
-name
AssetImportWorker6
-projectPath
C:/Users/pabal/Documents/Unity/Junior programmer/Beginner-Project-Pong
-logFile
Logs/AssetImportWorker6.log
-srvPort
52058
Successfully changed project path to: C:/Users/pabal/Documents/Unity/Junior programmer/Beginner-Project-Pong
C:/Users/pabal/Documents/Unity/Junior programmer/Beginner-Project-Pong
Using Asset Import Pipeline V2.
Refreshing native plugins compatible for Editor in 22.90 ms, found 0 plugins.
Preloading 0 native plugins for Editor in 0.00 ms.
Initialize engine version: 2021.1.3f1 (4bef613afd59)
[Subsystems] Discovering subsystems at path C:/Program Files/Unity/Hub/Editor/2021.1.3f1/Editor/Data/Resources/UnitySubsystems
[Subsystems] Discovering subsystems at path C:/Users/pabal/Documents/Unity/Junior programmer/Beginner-Project-Pong/Assets
GfxDevice: creating device client; threaded=0; jobified=0
Direct3D:
    Version:  Direct3D 11.0 [level 11.1]
    Renderer: Intel(R) UHD Graphics 620 (ID=0x5917)
    Vendor:   Intel
    VRAM:     4033 MB
    Driver:   22.20.16.4815
Initialize mono
Mono path[0] = 'C:/Program Files/Unity/Hub/Editor/2021.1.3f1/Editor/Data/Managed'
Mono path[1] = 'C:/Program Files/Unity/Hub/Editor/2021.1.3f1/Editor/Data/MonoBleedingEdge/lib/mono/unityjit'
Mono config path = 'C:/Program Files/Unity/Hub/Editor/2021.1.3f1/Editor/Data/MonoBleedingEdge/etc'
Using monoOptions --debugger-agent=transport=dt_socket,embedding=1,server=y,suspend=n,address=127.0.0.1:56792
Begin MonoManager ReloadAssembly
Registering precompiled unity dll's ...
Register platform support module: C:/Program Files/Unity/Hub/Editor/2021.1.3f1/Editor/Data/PlaybackEngines/WindowsStandaloneSupport/UnityEditor.WindowsStandalone.Extensions.dll
Registered in 0.002073 seconds.
Native extension for WindowsStandalone target not found
Refreshing native plugins compatible for Editor in 22.39 ms, found 0 plugins.
Preloading 0 native plugins for Editor in 0.00 ms.
Mono: successfully reloaded assembly
- Completed reload, in  1.130 seconds
Platform modules already initialized, skipping
Registering precompiled user dll's ...
Registered in 0.001105 seconds.
Begin MonoManager ReloadAssembly
Native extension for WindowsStandalone target not found
Refreshing native plugins compatible for Editor in 0.23 ms, found 0 plugins.
Preloading 0 native plugins for Editor in 0.00 ms.
Mono: successfully reloaded assembly
- Completed reload, in  1.569 seconds
Platform modules already initialized, skipping
========================================================================
Worker process is ready to serve import requests
Launched and connected shader compiler UnityShaderCompiler.exe after 0.56 seconds
Refreshing native plugins compatible for Editor in 0.26 ms, found 0 plugins.
Preloading 0 native plugins for Editor in 0.00 ms.
Unloading 1149 Unused Serialized files (Serialized files now loaded: 0)
System memory in use before: 60.8 MB.
System memory in use after: 60.9 MB.

Unloading 9 unused Assets to reduce memory usage. Loaded Objects now: 1608.
Total: 1.927200 ms (FindLiveObjects: 0.124400 ms CreateObjectMapping: 0.036200 ms MarkObjects: 1.692500 ms  DeleteObjects: 0.073000 ms)

========================================================================
Received Import Request.
  path: Assets/Scenes/MenuScene.unity
  artifactKey: Guid(74f0c769795b9cb409693b8aa66a7532) Importer(815301076,1909f56bfc062723c751e8b465ee728b)
Start importing Assets/Scenes/MenuScene.unity using Guid(74f0c769795b9cb409693b8aa66a7532) Importer(815301076,1909f56bfc062723c751e8b465ee728b)  -> (artifact id: '9b595ae95ac78a7c226ea86c284e5458') in 0.063462 seconds 
========================================================================
Received Prepare
Registering precompiled user dll's ...
Registered in 0.001007 seconds.
Begin MonoManager ReloadAssembly
Native extension for WindowsStandalone target not found
Refreshing native plugins compatible for Editor in 0.19 ms, found 0 plugins.
Preloading 0 native plugins for Editor in 0.00 ms.
Mono: successfully reloaded assembly
- Completed reload, in  0.793 seconds
Platform modules already initialized, skipping
Refreshing native plugins compatible for Editor in 0.37 ms, found 0 plugins.
Preloading 0 native plugins for Editor in 0.00 ms.
Unloading 1131 Unused Serialized files (Serialized files now loaded: 0)
System memory in use before: 59.4 MB.
System memory in use after: 59.5 MB.

Unloading 4 unused Assets to reduce memory usage. Loaded Objects now: 1611.
Total: 2.848800 ms (FindLiveObjects: 0.205300 ms CreateObjectMapping: 0.093500 ms MarkObjects: 2.527700 ms  DeleteObjects: 0.020000 ms)

========================================================================
Received Import Request.
  Time since last request: 132.747057 seconds.
  path: Assets/Scenes/MenuScene.unity
  artifactKey: Guid(74f0c769795b9cb409693b8aa66a7532) Importer(815301076,1909f56bfc062723c751e8b465ee728b)
Start importing Assets/Scenes/MenuScene.unity using Guid(74f0c769795b9cb409693b8aa66a7532) Importer(815301076,1909f56bfc062723c751e8b465ee728b)  -> (artifact id: 'ce6324e0765ebc20604fd4f90beb18c2') in 0.014875 seconds 
========================================================================
Received Prepare
Registering precompiled user dll's ...
Registered in 0.000681 seconds.
Begin MonoManager ReloadAssembly
Native extension for WindowsStandalone target not found
Refreshing native plugins compatible for Editor in 1.19 ms, found 0 plugins.
Preloading 0 native plugins for Editor in 0.00 ms.
Mono: successfully reloaded assembly
- Completed reload, in  2.563 seconds
Platform modules already initialized, skipping
Refreshing native plugins compatible for Editor in 1.18 ms, found 0 plugins.
Preloading 0 native plugins for Editor in 0.00 ms.
Unloading 1131 Unused Serialized files (Serialized files now loaded: 0)
System memory in use before: 59.5 MB.
System memory in use after: 59.6 MB.

Unloading 4 unused Assets to reduce memory usage. Loaded Objects now: 1614.
Total: 8.716200 ms (FindLiveObjects: 0.904800 ms CreateObjectMapping: 0.450500 ms MarkObjects: 7.324100 ms  DeleteObjects: 0.029800 ms)

========================================================================
Received Prepare
Registering precompiled user dll's ...
Registered in 0.000663 seconds.
Begin MonoManager ReloadAssembly
Native extension for WindowsStandalone target not found
Refreshing native plugins compatible for Editor in 0.20 ms, found 0 plugins.
Preloading 0 native plugins for Editor in 0.00 ms.
Mono: successfully reloaded assembly
- Completed reload, in  0.897 seconds
Platform modules already initialized, skipping
Refreshing native plugins compatible for Editor in 0.37 ms, found 0 plugins.
Preloading 0 native plugins for Editor in 0.00 ms.
Unloading 1131 Unused Serialized files (Serialized files now loaded: 0)
System memory in use before: 59.5 MB.
System memory in use after: 59.6 MB.

Unloading 4 unused Assets to reduce memory usage. Loaded Objects now: 1617.
Total: 2.715300 ms (FindLiveObjects: 0.170400 ms CreateObjectMapping: 0.057400 ms MarkObjects: 2.465600 ms  DeleteObjects: 0.019800 ms)

========================================================================
Received Prepare
Registering precompiled user dll's ...
Registered in 0.001039 seconds.
Begin MonoManager ReloadAssembly
Native extension for WindowsStandalone target not found
Refreshing native plugins compatible for Editor in 0.20 ms, found 0 plugins.
Preloading 0 native plugins for Editor in 0.00 ms.
Mono: successfully reloaded assembly
- Completed reload, in  0.893 seconds
Platform modules already initialized, skipping
Refreshing native plugins compatible for Editor in 0.34 ms, found 0 plugins.
Preloading 0 native plugins for Editor in 0.00 ms.
Unloading 1129 Unused Serialized files (Serialized files now loaded: 0)
System memory in use before: 59.5 MB.
System memory in use after: 59.5 MB.

Unloading 4 unused Assets to reduce memory usage. Loaded Objects now: 1620.
Total: 2.332400 ms (FindLiveObjects: 0.127900 ms CreateObjectMapping: 0.039700 ms MarkObjects: 2.143400 ms  DeleteObjects: 0.019600 ms)

========================================================================
Received Import Request.
  Time since last request: 633.658372 seconds.
  path: Assets/Scenes/TitleScreen.unity
  artifactKey: Guid(98a9fea3ae712444984e72dc9ed19a1f) Importer(815301076,1909f56bfc062723c751e8b465ee728b)
Start importing Assets/Scenes/TitleScreen.unity using Guid(98a9fea3ae712444984e72dc9ed19a1f) Importer(815301076,1909f56bfc062723c751e8b465ee728b)  -> (artifact id: '00000000000000000000000000000000') in 0.008428 seconds  code(4) message(Build asset version error: assets/scenes/titlescreen.unity in SourceAssetDB has modification time of '2021-06-27T17:51:57.6934735Z' while content on disk has modification time of '2021-06-27T17:54:01.7951391Z')
  ERROR: Build asset version error: assets/scenes/titlescreen.unity in SourceAssetDB has modification time of '2021-06-27T17:51:57.6934735Z' while content on disk has modification time of '2021-06-27T17:54:01.7951391Z'
========================================================================
Received Prepare
Registering precompiled user dll's ...
Registered in 0.001851 seconds.
Begin MonoManager ReloadAssembly
Native extension for WindowsStandalone target not found
Refreshing native plugins compatible for Editor in 0.20 ms, found 0 plugins.
Preloading 0 native plugins for Editor in 0.00 ms.
Mono: successfully reloaded assembly
- Completed reload, in  0.881 seconds
Platform modules already initialized, skipping
Refreshing native plugins compatible for Editor in 0.36 ms, found 0 plugins.
Preloading 0 native plugins for Editor in 0.00 ms.
Unloading 1131 Unused Serialized files (Serialized files now loaded: 0)
System memory in use before: 59.5 MB.
System memory in use after: 59.6 MB.

Unloading 4 unused Assets to reduce memory usage. Loaded Objects now: 1623.
Total: 2.624500 ms (FindLiveObjects: 0.197000 ms CreateObjectMapping: 0.057800 ms MarkObjects: 2.345900 ms  DeleteObjects: 0.022000 ms)

========================================================================
Received Import Request.
  Time since last request: 10.605145 seconds.
  path: Assets/Scenes/TitleScreen.unity
  artifactKey: Guid(98a9fea3ae712444984e72dc9ed19a1f) Importer(815301076,1909f56bfc062723c751e8b465ee728b)
Start importing Assets/Scenes/TitleScreen.unity using Guid(98a9fea3ae712444984e72dc9ed19a1f) Importer(815301076,1909f56bfc062723c751e8b465ee728b)  -> (artifact id: 'ecf3779b9b3afcd125e053dfbb4c44ba') in 0.037576 seconds 
========================================================================
Received Prepare
Registering precompiled user dll's ...
Registered in 0.017978 seconds.
Begin MonoManager ReloadAssembly
Native extension for WindowsStandalone target not found
Refreshing native plugins compatible for Editor in 0.38 ms, found 0 plugins.
Preloading 0 native plugins for Editor in 0.00 ms.
Mono: successfully reloaded assembly
- Completed reload, in  1.475 seconds
Platform modules already initialized, skipping
Refreshing native plugins compatible for Editor in 0.53 ms, found 0 plugins.
Preloading 0 native plugins for Editor in 0.00 ms.
Unloading 1131 Unused Serialized files (Serialized files now loaded: 0)
System memory in use before: 59.5 MB.
System memory in use after: 59.6 MB.

Unloading 4 unused Assets to reduce memory usage. Loaded Objects now: 1626.
Total: 1.888800 ms (FindLiveObjects: 0.118600 ms CreateObjectMapping: 0.039100 ms MarkObjects: 1.716300 ms  DeleteObjects: 0.013100 ms)

========================================================================
Received Import Request.
  Time since last request: 5043.109873 seconds.
  path: Assets/Materials/Obsidian black.mat
  artifactKey: Guid(12add897d778fdf4b8d50a37bd7b6f5e) Importer(2089858483,934ff659095e30574adcf32a4c2f97b5)
Start importing Assets/Materials/Obsidian black.mat using Guid(12add897d778fdf4b8d50a37bd7b6f5e) Importer(2089858483,934ff659095e30574adcf32a4c2f97b5)  -> (artifact id: '153fc8a1485983bd1d3f3630aa474db0') in 4.871601 seconds 
========================================================================
Received Import Request.
  Time since last request: 0.000798 seconds.
  path: Assets/UI/Pong wallpaper.jpg
  artifactKey: Guid(46ce8d5fb7737d446950d0da0083696b) Importer(2089858483,934ff659095e30574adcf32a4c2f97b5)
Start importing Assets/UI/Pong wallpaper.jpg using Guid(46ce8d5fb7737d446950d0da0083696b) Importer(2089858483,934ff659095e30574adcf32a4c2f97b5)  -> (artifact id: 'd5450e7df6525eeed817620467d6b581') in 0.839922 seconds 
========================================================================
Received Import Request.
  Time since last request: 0.000849 seconds.
  path: Assets/Scripts/EventBroker.cs
  artifactKey: Guid(6248643cb1961614da1079354da551a0) Importer(2089858483,934ff659095e30574adcf32a4c2f97b5)
Start importing Assets/Scripts/EventBroker.cs using Guid(6248643cb1961614da1079354da551a0) Importer(2089858483,934ff659095e30574adcf32a4c2f97b5)  -> (artifact id: 'db09a4831e78bb735b817583cc0f650e') in 0.201177 seconds 
========================================================================
Received Import Request.
  Time since last request: 0.000800 seconds.
  path: Assets/Scripts/Managers/Singleton.cs
  artifactKey: Guid(2c9fe819bbce89643ad003bbe77e975b) Importer(2089858483,934ff659095e30574adcf32a4c2f97b5)
Start importing Assets/Scripts/Managers/Singleton.cs using Guid(2c9fe819bbce89643ad003bbe77e975b) Importer(2089858483,934ff659095e30574adcf32a4c2f97b5)  -> (artifact id: '224dd13b2ba4dd5456b486168fa97fed') in 0.300281 seconds 
========================================================================
Received Import Request.
  Time since last request: 0.000627 seconds.
  path: Assets/TextMesh Pro/Resources/Fonts & Materials/Exo-Black SDF.asset
  artifactKey: Guid(6d90bceac2017074480527e6ed0e756d) Importer(2089858483,934ff659095e30574adcf32a4c2f97b5)
Start importing Assets/TextMesh Pro/Resources/Fonts & Materials/Exo-Black SDF.asset using Guid(6d90bceac2017074480527e6ed0e756d) Importer(2089858483,934ff659095e30574adcf32a4c2f97b5)  -> (artifact id: 'c9a904db4ec265d1cea84041a932cd61') in 0.832094 seconds 
========================================================================
Received Import Request.
  Time since last request: 0.000446 seconds.
  path: Assets/TextMesh Pro/Resources/Fonts & Materials/Exo-Black.ttf
  artifactKey: Guid(ec13f9dcb8323074597bd06617a2f2ae) Importer(2089858483,934ff659095e30574adcf32a4c2f97b5)
Start importing Assets/TextMesh Pro/Resources/Fonts & Materials/Exo-Black.ttf using Guid(ec13f9dcb8323074597bd06617a2f2ae) Importer(2089858483,934ff659095e30574adcf32a4c2f97b5)  -> (artifact id: '420248e518e6987246e1914d259f0019') in 0.462319 seconds 
========================================================================
Received Import Request.
  Time since last request: 0.000409 seconds.
  path: Assets/TextMesh Pro/Shaders/TMPro_Properties.cginc
  artifactKey: Guid(3997e2241185407d80309a82f9148466) Importer(2089858483,934ff659095e30574adcf32a4c2f97b5)
Start importing Assets/TextMesh Pro/Shaders/TMPro_Properties.cginc using Guid(3997e2241185407d80309a82f9148466) Importer(2089858483,934ff659095e30574adcf32a4c2f97b5)  -> (artifact id: 'ddee94a40d334e303a016eb2dcff30ce') in 0.080529 seconds 
========================================================================
Received Import Request.
  Time since last request: 0.000437 seconds.
  path: Assets/Scenes/TitleScreen.unity
  artifactKey: Guid(98a9fea3ae712444984e72dc9ed19a1f) Importer(2089858483,934ff659095e30574adcf32a4c2f97b5)
Start importing Assets/Scenes/TitleScreen.unity using Guid(98a9fea3ae712444984e72dc9ed19a1f) Importer(2089858483,934ff659095e30574adcf32a4c2f97b5)  -> (artifact id: 'e11c37fd04d804003497d5dfbd410230') in 0.153157 seconds 
========================================================================
Received Import Request.
  Time since last request: 0.000364 seconds.
  path: Assets/TextMesh Pro/Resources/Fonts & Materials/LiberationSans SDF - Fallback.asset
  artifactKey: Guid(2e498d1c8094910479dc3e1b768306a4) Importer(2089858483,934ff659095e30574adcf32a4c2f97b5)
Start importing Assets/TextMesh Pro/Resources/Fonts & Materials/LiberationSans SDF - Fallback.asset using Guid(2e498d1c8094910479dc3e1b768306a4) Importer(2089858483,934ff659095e30574adcf32a4c2f97b5)  -> (artifact id: '704722c94bc32ededaa242611cc990e2') in 0.636296 seconds 
========================================================================
Received Import Request.
  Time since last request: 0.000351 seconds.
  path: Assets/Scenes/MainScene.unity
  artifactKey: Guid(a491e594e69eb6549a1a78661e23187b) Importer(2089858483,934ff659095e30574adcf32a4c2f97b5)
Start importing Assets/Scenes/MainScene.unity using Guid(a491e594e69eb6549a1a78661e23187b) Importer(2089858483,934ff659095e30574adcf32a4c2f97b5)  -> (artifact id: '4191f465823eba052efd09391d3302d7') in 0.032439 seconds 
========================================================================
Received Import Request.
  Time since last request: 0.000362 seconds.
  path: Assets/TextMesh Pro/Sprites/EmojiOne.png
  artifactKey: Guid(dffef66376be4fa480fb02b19edbe903) Importer(2089858483,934ff659095e30574adcf32a4c2f97b5)
Start importing Assets/TextMesh Pro/Sprites/EmojiOne.png using Guid(dffef66376be4fa480fb02b19edbe903) Importer(2089858483,934ff659095e30574adcf32a4c2f97b5)  -> (artifact id: '8f38999f2717bf9f3e332921ba35377a') in 0.075926 seconds 
========================================================================
Received Import Request.
  Time since last request: 0.000422 seconds.
  path: Assets/TextMesh Pro/Sprites/EmojiOne Attribution.txt
  artifactKey: Guid(381dcb09d5029d14897e55f98031fca5) Importer(2089858483,934ff659095e30574adcf32a4c2f97b5)
Start importing Assets/TextMesh Pro/Sprites/EmojiOne Attribution.txt using Guid(381dcb09d5029d14897e55f98031fca5) Importer(2089858483,934ff659095e30574adcf32a4c2f97b5)  -> (artifact id: '15c2a81cc98227f8628710b7d4dbb3d8') in 0.259878 seconds 
========================================================================
Received Import Request.
  Time since last request: 0.000341 seconds.
  path: Assets/Scenes/MenuScene.unity
  artifactKey: Guid(74f0c769795b9cb409693b8aa66a7532) Importer(2089858483,934ff659095e30574adcf32a4c2f97b5)
Start importing Assets/Scenes/MenuScene.unity using Guid(74f0c769795b9cb409693b8aa66a7532) Importer(2089858483,934ff659095e30574adcf32a4c2f97b5)  -> (artifact id: '40161e0a9d5d30d36039affecee626fb') in 0.017922 seconds 
========================================================================
Received Import Request.
  Time since last request: 0.000336 seconds.
  path: Assets/Scripts/PaddleAI.cs
  artifactKey: Guid(2b57e7c8f9f9c5947ace2d8b97a0e031) Importer(2089858483,934ff659095e30574adcf32a4c2f97b5)
Start importing Assets/Scripts/PaddleAI.cs using Guid(2b57e7c8f9f9c5947ace2d8b97a0e031) Importer(2089858483,934ff659095e30574adcf32a4c2f97b5)  -> (artifact id: 'db911a044311cd249db771414f238c8e') in 0.014267 seconds 
========================================================================
Received Import Request.
  Time since last request: 0.000360 seconds.
  path: Assets/TextMesh Pro/Fonts/LiberationSans.ttf
  artifactKey: Guid(e3265ab4bf004d28a9537516768c1c75) Importer(2089858483,934ff659095e30574adcf32a4c2f97b5)
Start importing Assets/TextMesh Pro/Fonts/LiberationSans.ttf using Guid(e3265ab4bf004d28a9537516768c1c75) Importer(2089858483,934ff659095e30574adcf32a4c2f97b5)  -> (artifact id: '269477c66fb9354be8226ae2eca7613a') in 0.014797 seconds 
========================================================================
Received Import Request.
  Time since last request: 0.000368 seconds.
  path: Assets/TextMesh Pro/Shaders/TMP_SDF-Surface-Mobile.shader
  artifactKey: Guid(85187c2149c549c5b33f0cdb02836b17) Importer(2089858483,934ff659095e30574adcf32a4c2f97b5)
Start importing Assets/TextMesh Pro/Shaders/TMP_SDF-Surface-Mobile.shader using Guid(85187c2149c549c5b33f0cdb02836b17) Importer(2089858483,934ff659095e30574adcf32a4c2f97b5)  -> (artifact id: '365bc326615c3ec492bc1891bc656398') in 0.230885 seconds 
========================================================================
Received Import Request.
  Time since last request: 0.001046 seconds.
  path: Assets/TextMesh Pro/Shaders/TMPro_Surface.cginc
  artifactKey: Guid(d930090c0cd643c7b55f19a38538c162) Importer(2089858483,934ff659095e30574adcf32a4c2f97b5)
Start importing Assets/TextMesh Pro/Shaders/TMPro_Surface.cginc using Guid(d930090c0cd643c7b55f19a38538c162) Importer(2089858483,934ff659095e30574adcf32a4c2f97b5)  -> (artifact id: 'dff9cd2979a193c507ef3f3d6f95dd95') in 0.023270 seconds 
========================================================================
Received Import Request.
  Time since last request: 0.000371 seconds.
  path: Assets/TextMesh Pro/Documentation/TextMesh Pro User Guide 2016.pdf
  artifactKey: Guid(1b8d251f9af63b746bf2f7ffe00ebb9b) Importer(2089858483,934ff659095e30574adcf32a4c2f97b5)
Start importing Assets/TextMesh Pro/Documentation/TextMesh Pro User Guide 2016.pdf using Guid(1b8d251f9af63b746bf2f7ffe00ebb9b) Importer(2089858483,934ff659095e30574adcf32a4c2f97b5)  -> (artifact id: 'b331e741c9960899b8f9e08deb49bbd1') in 0.379214 seconds 
========================================================================
Received Import Request.
  Time since last request: 0.000373 seconds.
  path: Assets/TextMesh Pro/Resources/Fonts & Materials/LiberationSans SDF - Drop Shadow.mat
  artifactKey: Guid(e73a58f6e2794ae7b1b7e50b7fb811b0) Importer(2089858483,934ff659095e30574adcf32a4c2f97b5)
Start importing Assets/TextMesh Pro/Resources/Fonts & Materials/LiberationSans SDF - Drop Shadow.mat using Guid(e73a58f6e2794ae7b1b7e50b7fb811b0) Importer(2089858483,934ff659095e30574adcf32a4c2f97b5)  -> (artifact id: '3450f8602cb41698acd5b410b20913bb') in 0.089174 seconds 
========================================================================
Received Import Request.
  Time since last request: 0.000370 seconds.
  path: Assets/TextMesh Pro/Resources/Fonts & Materials/LiberationSans SDF - Outline.mat
  artifactKey: Guid(79459efec17a4d00a321bdcc27bbc385) Importer(2089858483,934ff659095e30574adcf32a4c2f97b5)
Start importing Assets/TextMesh Pro/Resources/Fonts & Materials/LiberationSans SDF - Outline.mat using Guid(79459efec17a4d00a321bdcc27bbc385) Importer(2089858483,934ff659095e30574adcf32a4c2f97b5)  -> (artifact id: '0e7c5d9bd5da8397005d35edca3007be') in 0.041472 seconds 
========================================================================
Received Import Request.
  Time since last request: 0.000418 seconds.
  path: Assets/TextMesh Pro/Shaders/TMP_Bitmap.shader
  artifactKey: Guid(128e987d567d4e2c824d754223b3f3b0) Importer(2089858483,934ff659095e30574adcf32a4c2f97b5)
Start importing Assets/TextMesh Pro/Shaders/TMP_Bitmap.shader using Guid(128e987d567d4e2c824d754223b3f3b0) Importer(2089858483,934ff659095e30574adcf32a4c2f97b5)  -> (artifact id: '9328be0ed2e206626c14779012266ceb') in 0.137051 seconds 
========================================================================
Received Import Request.
  Time since last request: 0.000346 seconds.
  path: Assets/Scripts/NewBehaviourScript.cs
  artifactKey: Guid(83549438e2d27ba4f9acf527d088ffac) Importer(2089858483,934ff659095e30574adcf32a4c2f97b5)
Start importing Assets/Scripts/NewBehaviourScript.cs using Guid(83549438e2d27ba4f9acf527d088ffac) Importer(2089858483,934ff659095e30574adcf32a4c2f97b5)  -> (artifact id: '5291c938df77edf6111aec662fde388d') in 0.012458 seconds 
========================================================================
Received Import Request.
  Time since last request: 0.000400 seconds.
  path: Assets/Scripts/PaddleMotion.cs
  artifactKey: Guid(d3b37e2546e40484394dee678b8d1a39) Importer(2089858483,934ff659095e30574adcf32a4c2f97b5)
Start importing Assets/Scripts/PaddleMotion.cs using Guid(d3b37e2546e40484394dee678b8d1a39) Importer(2089858483,934ff659095e30574adcf32a4c2f97b5)  -> (artifact id: '99b104ec9b9b1db39434ed98d9ca15c1') in 0.304278 seconds 
========================================================================
Received Import Request.
  Time since last request: 0.000398 seconds.
  path: Assets/TextMesh Pro/Shaders/TMP_SDF.shader
  artifactKey: Guid(68e6db2ebdc24f95958faec2be5558d6) Importer(2089858483,934ff659095e30574adcf32a4c2f97b5)
Start importing Assets/TextMesh Pro/Shaders/TMP_SDF.shader using Guid(68e6db2ebdc24f95958faec2be5558d6) Importer(2089858483,934ff659095e30574adcf32a4c2f97b5)  -> (artifact id: 'a9d0e3e11246ac046ac3b10b355e9e4a') in 0.044528 seconds 
========================================================================
Received Import Request.
  Time since last request: 0.000343 seconds.
  path: Assets/TextMesh Pro/Fonts/LiberationSans - OFL.txt
  artifactKey: Guid(6e59c59b81ab47f9b6ec5781fa725d2c) Importer(2089858483,934ff659095e30574adcf32a4c2f97b5)
Start importing Assets/TextMesh Pro/Fonts/LiberationSans - OFL.txt using Guid(6e59c59b81ab47f9b6ec5781fa725d2c) Importer(2089858483,934ff659095e30574adcf32a4c2f97b5)  -> (artifact id: 'b7c3a037aa21e7b1d4efaa0cf2502a77') in 0.014004 seconds 
========================================================================
Received Import Request.
  Time since last request: 0.000448 seconds.
  path: Assets/TextMesh Pro/Resources/Sprite Assets/EmojiOne.asset
  artifactKey: Guid(c41005c129ba4d66911b75229fd70b45) Importer(2089858483,934ff659095e30574adcf32a4c2f97b5)
Start importing Assets/TextMesh Pro/Resources/Sprite Assets/EmojiOne.asset using Guid(c41005c129ba4d66911b75229fd70b45) Importer(2089858483,934ff659095e30574adcf32a4c2f97b5)  -> (artifact id: 'db2036f9e1e363576a23cc0b8bd97c48') in 0.077327 seconds 
========================================================================
Received Import Request.
  Time since last request: 0.000313 seconds.
  path: Assets/TextMesh Pro/Resources/TMP Settings.asset
  artifactKey: Guid(3f5b5dff67a942289a9defa416b206f3) Importer(2089858483,934ff659095e30574adcf32a4c2f97b5)
Start importing Assets/TextMesh Pro/Resources/TMP Settings.asset using Guid(3f5b5dff67a942289a9defa416b206f3) Importer(2089858483,934ff659095e30574adcf32a4c2f97b5)  -> (artifact id: '4b5984a00572f26e172141beae6b4985') in 0.399906 seconds 
========================================================================
Received Import Request.
  Time since last request: 0.000381 seconds.
  path: Assets/Scripts/UI/Menu.cs
  artifactKey: Guid(66a1a4821d47b6a42afb313deda2afc5) Importer(2089858483,934ff659095e30574adcf32a4c2f97b5)
Start importing Assets/Scripts/UI/Menu.cs using Guid(66a1a4821d47b6a42afb313deda2afc5) Importer(2089858483,934ff659095e30574adcf32a4c2f97b5)  -> (artifact id: 'fd3bc4e130c051e233a6d5b5c1afb931') in 0.075403 seconds 
========================================================================
Received Import Request.
  Time since last request: 0.000393 seconds.
  path: Assets/TextMesh Pro/Shaders/TMP_SDF-Mobile Masking.shader
  artifactKey: Guid(bc1ede39bf3643ee8e493720e4259791) Importer(2089858483,934ff659095e30574adcf32a4c2f97b5)
Start importing Assets/TextMesh Pro/Shaders/TMP_SDF-Mobile Masking.shader using Guid(bc1ede39bf3643ee8e493720e4259791) Importer(2089858483,934ff659095e30574adcf32a4c2f97b5)  -> (artifact id: '56191ed021e8761f87a2e157c5b351b4') in 0.015752 seconds 
========================================================================
Received Import Request.
  Time since last request: 0.000392 seconds.
  path: Assets/TextMesh Pro/Shaders/TMP_SDF-Mobile SSD.shader
  artifactKey: Guid(c8d12adcee749c344b8117cf7c7eb912) Importer(2089858483,934ff659095e30574adcf32a4c2f97b5)
Start importing Assets/TextMesh Pro/Shaders/TMP_SDF-Mobile SSD.shader using Guid(c8d12adcee749c344b8117cf7c7eb912) Importer(2089858483,934ff659095e30574adcf32a4c2f97b5)  -> (artifact id: '23b8ba1a40f119a2e6c76d118b579c2b') in 0.017833 seconds 
========================================================================
Received Import Request.
  Time since last request: 0.000332 seconds.
  path: Assets/TextMesh Pro/Resources/LineBreaking Following Characters.txt
  artifactKey: Guid(fade42e8bc714b018fac513c043d323b) Importer(2089858483,934ff659095e30574adcf32a4c2f97b5)
Start importing Assets/TextMesh Pro/Resources/LineBreaking Following Characters.txt using Guid(fade42e8bc714b018fac513c043d323b) Importer(2089858483,934ff659095e30574adcf32a4c2f97b5)  -> (artifact id: 'fef0b04a0cc98fad8a0d1d83352fc16b') in 0.074382 seconds 
========================================================================
Received Import Request.
  Time since last request: 0.000352 seconds.
  path: Assets/Scripts/UI/BootLoader.cs
  artifactKey: Guid(43d9f42afadc92648b48ad8ef9b100c5) Importer(2089858483,934ff659095e30574adcf32a4c2f97b5)
Start importing Assets/Scripts/UI/BootLoader.cs using Guid(43d9f42afadc92648b48ad8ef9b100c5) Importer(2089858483,934ff659095e30574adcf32a4c2f97b5)  -> (artifact id: '9f72c30797d2771e97f24b2d044f18e1') in 0.033814 seconds 
========================================================================
Received Import Request.
  Time since last request: 0.000319 seconds.
  path: Assets/Scripts/UI/SubMenu.cs
  artifactKey: Guid(fb8528324fc089d4891d638c5ed09d7d) Importer(2089858483,934ff659095e30574adcf32a4c2f97b5)
Start importing Assets/Scripts/UI/SubMenu.cs using Guid(fb8528324fc089d4891d638c5ed09d7d) Importer(2089858483,934ff659095e30574adcf32a4c2f97b5)  -> (artifact id: '070bbe72465cccede8a94a4bc14224ef') in 0.090526 seconds 
========================================================================
Received Import Request.
  Time since last request: 0.000348 seconds.
  path: Assets/Materials/Player1 Red.mat
  artifactKey: Guid(37d454db82ace3b42acfbdcaf98fb74f) Importer(2089858483,934ff659095e30574adcf32a4c2f97b5)
Start importing Assets/Materials/Player1 Red.mat using Guid(37d454db82ace3b42acfbdcaf98fb74f) Importer(2089858483,934ff659095e30574adcf32a4c2f97b5)  -> (artifact id: '9eddcc71aced4048ac139febadb5e09b') in 0.018351 seconds 
========================================================================
Received Import Request.
  Time since last request: 0.000391 seconds.
  path: Assets/TextMesh Pro/Sprites/EmojiOne.json
  artifactKey: Guid(8f05276190cf498a8153f6cbe761d4e6) Importer(2089858483,934ff659095e30574adcf32a4c2f97b5)
Start importing Assets/TextMesh Pro/Sprites/EmojiOne.json using Guid(8f05276190cf498a8153f6cbe761d4e6) Importer(2089858483,934ff659095e30574adcf32a4c2f97b5)  -> (artifact id: '0363296d5c34daa2ddd7ee71346ccf88') in 0.263182 seconds 
========================================================================
Received Import Request.
  Time since last request: 0.000488 seconds.
  path: Assets/TextMesh Pro/Resources/Style Sheets/Default Style Sheet.asset
  artifactKey: Guid(f952c082cb03451daed3ee968ac6c63e) Importer(2089858483,934ff659095e30574adcf32a4c2f97b5)
Start importing Assets/TextMesh Pro/Resources/Style Sheets/Default Style Sheet.asset using Guid(f952c082cb03451daed3ee968ac6c63e) Importer(2089858483,934ff659095e30574adcf32a4c2f97b5)  -> (artifact id: '002a72dbabc63e49de8c1d45506f0261') in 0.017938 seconds 
========================================================================
Received Import Request.
  Time since last request: 0.000384 seconds.
  path: Assets/TextMesh Pro/Shaders/TMP_SDF-Mobile.shader
  artifactKey: Guid(fe393ace9b354375a9cb14cdbbc28be4) Importer(2089858483,934ff659095e30574adcf32a4c2f97b5)
Start importing Assets/TextMesh Pro/Shaders/TMP_SDF-Mobile.shader using Guid(fe393ace9b354375a9cb14cdbbc28be4) Importer(2089858483,934ff659095e30574adcf32a4c2f97b5)  -> (artifact id: '4f8c73b01decca5ea4a6ad0373ee2cbd') in 0.055227 seconds 
========================================================================
Received Import Request.
  Time since last request: 0.000434 seconds.
  path: Assets/TextMesh Pro/Shaders/TMP_Sprite.shader
  artifactKey: Guid(cf81c85f95fe47e1a27f6ae460cf182c) Importer(2089858483,934ff659095e30574adcf32a4c2f97b5)
Start importing Assets/TextMesh Pro/Shaders/TMP_Sprite.shader using Guid(cf81c85f95fe47e1a27f6ae460cf182c) Importer(2089858483,934ff659095e30574adcf32a4c2f97b5)  -> (artifact id: '4380b66a6f264c10fc1fc4fd92038421') in 0.132071 seconds 
========================================================================
Received Import Request.
  Time since last request: 0.001032 seconds.
  path: Assets/Scripts/HUD Controller.cs
  artifactKey: Guid(bc671073d3a87c3429dd98516a164ee6) Importer(2089858483,934ff659095e30574adcf32a4c2f97b5)
Start importing Assets/Scripts/HUD Controller.cs using Guid(bc671073d3a87c3429dd98516a164ee6) Importer(2089858483,934ff659095e30574adcf32a4c2f97b5)  -> (artifact id: '9c086ed7aafaef18eba04b809f4316bf') in 0.050230 seconds 
========================================================================
Received Import Request.
  Time since last request: 0.000384 seconds.
  path: Assets/TextMesh Pro/Shaders/TMP_SDF SSD.shader
  artifactKey: Guid(14eb328de4b8eb245bb7cea29e4ac00b) Importer(2089858483,934ff659095e30574adcf32a4c2f97b5)
Start importing Assets/TextMesh Pro/Shaders/TMP_SDF SSD.shader using Guid(14eb328de4b8eb245bb7cea29e4ac00b) Importer(2089858483,934ff659095e30574adcf32a4c2f97b5)  -> (artifact id: '809aa540d0b549cf1fcacab70e7cb21d') in 0.073702 seconds 
========================================================================
Received Import Request.
  Time since last request: 0.000545 seconds.
  path: Assets/Scenes/SampleScene.unity
  artifactKey: Guid(9fc0d4010bbf28b4594072e72b8655ab) Importer(2089858483,934ff659095e30574adcf32a4c2f97b5)
Start importing Assets/Scenes/SampleScene.unity using Guid(9fc0d4010bbf28b4594072e72b8655ab) Importer(2089858483,934ff659095e30574adcf32a4c2f97b5)  -> (artifact id: 'fffbb378bbc0ed3e0969aa949f8e5344') in 0.100334 seconds 
========================================================================
Received Import Request.
  Time since last request: 0.000403 seconds.
  path: Assets/Scenes/SampleSceneSettings.lighting
  artifactKey: Guid(482b03a5d5459534b869fbbc9a90c629) Importer(2089858483,934ff659095e30574adcf32a4c2f97b5)
Start importing Assets/Scenes/SampleSceneSettings.lighting using Guid(482b03a5d5459534b869fbbc9a90c629) Importer(2089858483,934ff659095e30574adcf32a4c2f97b5)  -> (artifact id: '28804bf322e7225ccc13dcf6f55ea2a4') in 0.049019 seconds 
========================================================================
Received Import Request.
  Time since last request: 0.000377 seconds.
  path: Assets/TextMesh Pro/Shaders/TMP_Bitmap-Mobile.shader
  artifactKey: Guid(1e3b057af24249748ff873be7fafee47) Importer(2089858483,934ff659095e30574adcf32a4c2f97b5)
Start importing Assets/TextMesh Pro/Shaders/TMP_Bitmap-Mobile.shader using Guid(1e3b057af24249748ff873be7fafee47) Importer(2089858483,934ff659095e30574adcf32a4c2f97b5)  -> (artifact id: '2ea2cbf029e869fcb52cc1ed89832869') in 0.019863 seconds 
========================================================================
Received Import Request.
  Time since last request: 0.001188 seconds.
  path: Assets/TextMesh Pro/Shaders/TMP_Bitmap-Custom-Atlas.shader
  artifactKey: Guid(48bb5f55d8670e349b6e614913f9d910) Importer(2089858483,934ff659095e30574adcf32a4c2f97b5)
Start importing Assets/TextMesh Pro/Shaders/TMP_Bitmap-Custom-Atlas.shader using Guid(48bb5f55d8670e349b6e614913f9d910) Importer(2089858483,934ff659095e30574adcf32a4c2f97b5)  -> (artifact id: '4775f8602bed5eeb399b0de134e94b7a') in 0.034384 seconds 
========================================================================
Received Import Request.
  Time since last request: 0.000358 seconds.
  path: Assets/Materials/snow White.mat
  artifactKey: Guid(8d16284fd30b9a54a9faa69e37b78005) Importer(2089858483,934ff659095e30574adcf32a4c2f97b5)
Start importing Assets/Materials/snow White.mat using Guid(8d16284fd30b9a54a9faa69e37b78005) Importer(2089858483,934ff659095e30574adcf32a4c2f97b5)  -> (artifact id: '904a2059162e618afe515a016c1b0aee') in 0.048581 seconds 
========================================================================
Received Import Request.
  Time since last request: 0.000468 seconds.
  path: Assets/TextMesh Pro/Shaders/TMP_SDF-Surface.shader
  artifactKey: Guid(f7ada0af4f174f0694ca6a487b8f543d) Importer(2089858483,934ff659095e30574adcf32a4c2f97b5)
Start importing Assets/TextMesh Pro/Shaders/TMP_SDF-Surface.shader using Guid(f7ada0af4f174f0694ca6a487b8f543d) Importer(2089858483,934ff659095e30574adcf32a4c2f97b5)  -> (artifact id: 'b74e70c642a85449eccbbdd1a94bfc81') in 0.028805 seconds 
========================================================================
Received Import Request.
  Time since last request: 0.000319 seconds.
  path: Assets/Scripts/BallMovement.cs
  artifactKey: Guid(0645c82df6e012041864888fdea1bf1b) Importer(2089858483,934ff659095e30574adcf32a4c2f97b5)
Start importing Assets/Scripts/BallMovement.cs using Guid(0645c82df6e012041864888fdea1bf1b) Importer(2089858483,934ff659095e30574adcf32a4c2f97b5)  -> (artifact id: 'dd7caec455c1f267eebc8c9bb7a8c3f2') in 0.039151 seconds 
========================================================================
Received Import Request.
  Time since last request: 0.000355 seconds.
  path: Assets/TextMesh Pro/Shaders/TMP_SDF-Mobile Overlay.shader
  artifactKey: Guid(a02a7d8c237544f1962732b55a9aebf1) Importer(2089858483,934ff659095e30574adcf32a4c2f97b5)
Start importing Assets/TextMesh Pro/Shaders/TMP_SDF-Mobile Overlay.shader using Guid(a02a7d8c237544f1962732b55a9aebf1) Importer(2089858483,934ff659095e30574adcf32a4c2f97b5)  -> (artifact id: '755cb84ecf5dc9802777e3de75f8047d') in 0.014832 seconds 
========================================================================
Received Import Request.
  Time since last request: 0.000434 seconds.
  path: Assets/TextMesh Pro/Shaders/TMPro_Mobile.cginc
  artifactKey: Guid(c334973cef89a9840b0b0c507e0377ab) Importer(2089858483,934ff659095e30574adcf32a4c2f97b5)
Start importing Assets/TextMesh Pro/Shaders/TMPro_Mobile.cginc using Guid(c334973cef89a9840b0b0c507e0377ab) Importer(2089858483,934ff659095e30574adcf32a4c2f97b5)  -> (artifact id: '2768d421ac376369296a914a5b10d4eb') in 0.021744 seconds 
========================================================================
Received Import Request.
  Time since last request: 0.000432 seconds.
  path: Assets/TextMesh Pro/Resources/LineBreaking Leading Characters.txt
  artifactKey: Guid(d82c1b31c7e74239bff1220585707d2b) Importer(2089858483,934ff659095e30574adcf32a4c2f97b5)
Start importing Assets/TextMesh Pro/Resources/LineBreaking Leading Characters.txt using Guid(d82c1b31c7e74239bff1220585707d2b) Importer(2089858483,934ff659095e30574adcf32a4c2f97b5)  -> (artifact id: '00394f7c607da915225133fe2544c24b') in 0.015801 seconds 
========================================================================
Received Import Request.
  Time since last request: 0.000334 seconds.
  path: Assets/Materials/Player2 Blue.mat
  artifactKey: Guid(e037119703682e44ea175168a158156b) Importer(2089858483,934ff659095e30574adcf32a4c2f97b5)
Start importing Assets/Materials/Player2 Blue.mat using Guid(e037119703682e44ea175168a158156b) Importer(2089858483,934ff659095e30574adcf32a4c2f97b5)  -> (artifact id: '79b2afe1f8055c3c9b6734b0094c1188') in 0.038192 seconds 
========================================================================
Received Import Request.
  Time since last request: 0.001065 seconds.
  path: Assets/Scripts/Managers/GameManager.cs
  artifactKey: Guid(cbad6f4632943c54e8a528174e2a5854) Importer(2089858483,934ff659095e30574adcf32a4c2f97b5)
Start importing Assets/Scripts/Managers/GameManager.cs using Guid(cbad6f4632943c54e8a528174e2a5854) Importer(2089858483,934ff659095e30574adcf32a4c2f97b5)  -> (artifact id: '4ce381e5f39c0b1688ef1d59eca687bc') in 0.050546 seconds 
========================================================================
Received Import Request.
  Time since last request: 0.000656 seconds.
  path: Assets/TextMesh Pro/Shaders/TMP_SDF Overlay.shader
  artifactKey: Guid(dd89cf5b9246416f84610a006f916af7) Importer(2089858483,934ff659095e30574adcf32a4c2f97b5)
Start importing Assets/TextMesh Pro/Shaders/TMP_SDF Overlay.shader using Guid(dd89cf5b9246416f84610a006f916af7) Importer(2089858483,934ff659095e30574adcf32a4c2f97b5)  -> (artifact id: '23b2f5bbf22331b0eaa28a97a3a65312') in 0.072596 seconds 
========================================================================
Received Import Request.
  Time since last request: 0.000893 seconds.
  path: Assets/TextMesh Pro/Resources/Fonts & Materials/LiberationSans SDF.asset
  artifactKey: Guid(8f586378b4e144a9851e7b34d9b748ee) Importer(2089858483,934ff659095e30574adcf32a4c2f97b5)
Start importing Assets/TextMesh Pro/Resources/Fonts & Materials/LiberationSans SDF.asset using Guid(8f586378b4e144a9851e7b34d9b748ee) Importer(2089858483,934ff659095e30574adcf32a4c2f97b5)  -> (artifact id: 'f2fe8e48cdf8baf233cc402deca0e712') in 0.087743 seconds 
========================================================================
Received Import Request.
  Time since last request: 0.000519 seconds.
  path: Assets/TextMesh Pro/Shaders/TMPro.cginc
  artifactKey: Guid(407bc68d299748449bbf7f48ee690f8d) Importer(2089858483,934ff659095e30574adcf32a4c2f97b5)
Start importing Assets/TextMesh Pro/Shaders/TMPro.cginc using Guid(407bc68d299748449bbf7f48ee690f8d) Importer(2089858483,934ff659095e30574adcf32a4c2f97b5)  -> (artifact id: 'd7fd3c394befd0cda19182be3bb792cb') in 0.049737 seconds 
========================================================================
Received Prepare
Registering precompiled user dll's ...
Registered in 0.870857 seconds.
Begin MonoManager ReloadAssembly
Native extension for WindowsStandalone target not found
Refreshing native plugins compatible for Editor in 0.25 ms, found 0 plugins.
Preloading 0 native plugins for Editor in 0.00 ms.
Mono: successfully reloaded assembly
- Completed reload, in  4.271 seconds
Platform modules already initialized, skipping
Refreshing native plugins compatible for Editor in 0.21 ms, found 0 plugins.
Preloading 0 native plugins for Editor in 0.00 ms.
Unloading 1131 Unused Serialized files (Serialized files now loaded: 0)
System memory in use before: 59.7 MB.
System memory in use after: 59.8 MB.

Unloading 4 unused Assets to reduce memory usage. Loaded Objects now: 1630.
Total: 2.317700 ms (FindLiveObjects: 0.178400 ms CreateObjectMapping: 0.057600 ms MarkObjects: 2.063700 ms  DeleteObjects: 0.016500 ms)

