Using pre-set license
Built from '2021.1/staging' branch; Version is '2021.1.3f1 (4bef613afd59) revision 4976481'; Using compiler version '192528614'; Build Type 'Release'
OS: 'Windows 10 Home Single Language; OS build 19043.1052; Version 2009; 64bit' Language: 'en' Physical Memory: 8067 MB
BatchMode: 1, IsHumanControllingUs: 0, StartBugReporterOnCrash: 0, Is64bit: 1, IsPro: 0

 COMMAND LINE ARGUMENTS:
C:\Program Files\Unity\Hub\Editor\2021.1.3f1\Editor\Unity.exe
-adb2
-batchMode
-noUpm
-name
AssetImportWorker0
-projectPath
C:/Users/pabal/Documents/Unity/Junior programmer/Beginner-Project-Pong
-logFile
Logs/AssetImportWorker0.log
-srvPort
53797
Successfully changed project path to: C:/Users/pabal/Documents/Unity/Junior programmer/Beginner-Project-Pong
C:/Users/pabal/Documents/Unity/Junior programmer/Beginner-Project-Pong
Using Asset Import Pipeline V2.
Refreshing native plugins compatible for Editor in 49.80 ms, found 0 plugins.
Preloading 0 native plugins for Editor in 0.00 ms.
Initialize engine version: 2021.1.3f1 (4bef613afd59)
[Subsystems] Discovering subsystems at path C:/Program Files/Unity/Hub/Editor/2021.1.3f1/Editor/Data/Resources/UnitySubsystems
[Subsystems] Discovering subsystems at path C:/Users/pabal/Documents/Unity/Junior programmer/Beginner-Project-Pong/Assets
GfxDevice: creating device client; threaded=0; jobified=0
Direct3D:
    Version:  Direct3D 11.0 [level 11.1]
    Renderer: Intel(R) UHD Graphics 620 (ID=0x5917)
    Vendor:   Intel
    VRAM:     4033 MB
    Driver:   22.20.16.4815
Initialize mono
Mono path[0] = 'C:/Program Files/Unity/Hub/Editor/2021.1.3f1/Editor/Data/Managed'
Mono path[1] = 'C:/Program Files/Unity/Hub/Editor/2021.1.3f1/Editor/Data/MonoBleedingEdge/lib/mono/unityjit'
Mono config path = 'C:/Program Files/Unity/Hub/Editor/2021.1.3f1/Editor/Data/MonoBleedingEdge/etc'
Using monoOptions --debugger-agent=transport=dt_socket,embedding=1,server=y,suspend=n,address=127.0.0.1:56048
Begin MonoManager ReloadAssembly
Registering precompiled unity dll's ...
Register platform support module: C:/Program Files/Unity/Hub/Editor/2021.1.3f1/Editor/Data/PlaybackEngines/WindowsStandaloneSupport/UnityEditor.WindowsStandalone.Extensions.dll
Registered in 0.005219 seconds.
Native extension for WindowsStandalone target not found
Refreshing native plugins compatible for Editor in 49.51 ms, found 0 plugins.
Preloading 0 native plugins for Editor in 0.00 ms.
Mono: successfully reloaded assembly
- Completed reload, in  2.851 seconds
Platform modules already initialized, skipping
Registering precompiled user dll's ...
Registered in 0.001459 seconds.
Begin MonoManager ReloadAssembly
Native extension for WindowsStandalone target not found
Refreshing native plugins compatible for Editor in 0.32 ms, found 0 plugins.
Preloading 0 native plugins for Editor in 0.00 ms.
Mono: successfully reloaded assembly
- Completed reload, in  1.828 seconds
Platform modules already initialized, skipping
========================================================================
Worker process is ready to serve import requests
Launched and connected shader compiler UnityShaderCompiler.exe after 0.15 seconds
Refreshing native plugins compatible for Editor in 0.58 ms, found 0 plugins.
Preloading 0 native plugins for Editor in 0.00 ms.
Unloading 1144 Unused Serialized files (Serialized files now loaded: 0)
System memory in use before: 60.6 MB.
System memory in use after: 60.7 MB.

Unloading 9 unused Assets to reduce memory usage. Loaded Objects now: 1603.
Total: 6.266800 ms (FindLiveObjects: 0.261400 ms CreateObjectMapping: 0.113400 ms MarkObjects: 5.727700 ms  DeleteObjects: 0.161600 ms)

========================================================================
Received Import Request.
  path: Assets/Scripts/UI
  artifactKey: Guid(51ca42a9cd84ee64f85cd7f5b8cc4151) Importer(815301076,1909f56bfc062723c751e8b465ee728b)
Start importing Assets/Scripts/UI using Guid(51ca42a9cd84ee64f85cd7f5b8cc4151) Importer(815301076,1909f56bfc062723c751e8b465ee728b)  -> (artifact id: '258763065d8cfd3dccdaf1d2922cea4f') in 0.028677 seconds 
========================================================================
Received Import Request.
  Time since last request: 3.472482 seconds.
  path: Assets/Scripts/Managers
  artifactKey: Guid(51ca42a9cd84ee64f85cd7f5b8cc4151) Importer(815301076,1909f56bfc062723c751e8b465ee728b)
Start importing Assets/Scripts/Managers using Guid(51ca42a9cd84ee64f85cd7f5b8cc4151) Importer(815301076,1909f56bfc062723c751e8b465ee728b)  -> (artifact id: '3e0f8da6269e507d43280cb8d8879938') in 0.023451 seconds 
========================================================================
Received Import Request.
  Time since last request: 11.316116 seconds.
  path: Assets/Scripts/Managers/Singleton.cs
  artifactKey: Guid(2c9fe819bbce89643ad003bbe77e975b) Importer(815301076,1909f56bfc062723c751e8b465ee728b)
Start importing Assets/Scripts/Managers/Singleton.cs using Guid(2c9fe819bbce89643ad003bbe77e975b) Importer(815301076,1909f56bfc062723c751e8b465ee728b)  -> (artifact id: '0fb27db5a0da4a4d3e148b39ac2a1119') in 0.138455 seconds 
========================================================================
Received Prepare
Registering precompiled user dll's ...
Registered in 0.001377 seconds.
Begin MonoManager ReloadAssembly
Native extension for WindowsStandalone target not found
Refreshing native plugins compatible for Editor in 0.33 ms, found 0 plugins.
Preloading 0 native plugins for Editor in 0.00 ms.
Mono: successfully reloaded assembly
- Completed reload, in  1.819 seconds
Platform modules already initialized, skipping
Refreshing native plugins compatible for Editor in 0.53 ms, found 0 plugins.
Preloading 0 native plugins for Editor in 0.00 ms.
Unloading 1127 Unused Serialized files (Serialized files now loaded: 0)
System memory in use before: 59.3 MB.
System memory in use after: 59.4 MB.

Unloading 4 unused Assets to reduce memory usage. Loaded Objects now: 1607.
Total: 4.498500 ms (FindLiveObjects: 0.266400 ms CreateObjectMapping: 0.104200 ms MarkObjects: 4.093000 ms  DeleteObjects: 0.032900 ms)

========================================================================
Received Prepare
Registering precompiled user dll's ...
Registered in 0.025592 seconds.
Begin MonoManager ReloadAssembly
Native extension for WindowsStandalone target not found
Refreshing native plugins compatible for Editor in 0.23 ms, found 0 plugins.
Preloading 0 native plugins for Editor in 0.00 ms.
Mono: successfully reloaded assembly
- Completed reload, in  5.205 seconds
Platform modules already initialized, skipping
Refreshing native plugins compatible for Editor in 0.22 ms, found 0 plugins.
Preloading 0 native plugins for Editor in 0.00 ms.
Unloading 1127 Unused Serialized files (Serialized files now loaded: 0)
System memory in use before: 59.3 MB.
System memory in use after: 59.4 MB.

Unloading 4 unused Assets to reduce memory usage. Loaded Objects now: 1610.
Total: 1.760600 ms (FindLiveObjects: 0.116600 ms CreateObjectMapping: 0.035200 ms MarkObjects: 1.588600 ms  DeleteObjects: 0.018600 ms)

========================================================================
Received Import Request.
  Time since last request: 55876.051455 seconds.
  path: Assets/Scripts/Managers/Singleton.cs
  artifactKey: Guid(2c9fe819bbce89643ad003bbe77e975b) Importer(815301076,1909f56bfc062723c751e8b465ee728b)
Start importing Assets/Scripts/Managers/Singleton.cs using Guid(2c9fe819bbce89643ad003bbe77e975b) Importer(815301076,1909f56bfc062723c751e8b465ee728b)  -> (artifact id: '7ed7b4edbff267e953f7424385c5d72b') in 0.069010 seconds 
========================================================================
Received Import Request.
  Time since last request: 519.027642 seconds.
  path: Assets/Scripts/Managers/GameManager.cs
  artifactKey: Guid(cbad6f4632943c54e8a528174e2a5854) Importer(815301076,1909f56bfc062723c751e8b465ee728b)
Start importing Assets/Scripts/Managers/GameManager.cs using Guid(cbad6f4632943c54e8a528174e2a5854) Importer(815301076,1909f56bfc062723c751e8b465ee728b)  -> (artifact id: '71fe0fcf944f46b607b0c333efb81c17') in 0.010715 seconds 
========================================================================
Received Prepare
Registering precompiled user dll's ...
Registered in 0.000866 seconds.
Begin MonoManager ReloadAssembly
Native extension for WindowsStandalone target not found
Refreshing native plugins compatible for Editor in 0.21 ms, found 0 plugins.
Preloading 0 native plugins for Editor in 0.00 ms.
Mono: successfully reloaded assembly
- Completed reload, in  1.537 seconds
Platform modules already initialized, skipping
Refreshing native plugins compatible for Editor in 0.24 ms, found 0 plugins.
Preloading 0 native plugins for Editor in 0.00 ms.
Unloading 1128 Unused Serialized files (Serialized files now loaded: 0)
System memory in use before: 59.4 MB.
System memory in use after: 59.5 MB.

Unloading 4 unused Assets to reduce memory usage. Loaded Objects now: 1614.
Total: 3.259600 ms (FindLiveObjects: 0.174400 ms CreateObjectMapping: 0.054500 ms MarkObjects: 3.011900 ms  DeleteObjects: 0.017100 ms)

========================================================================
Received Prepare
Registering precompiled user dll's ...
Registered in 0.003126 seconds.
Begin MonoManager ReloadAssembly
Native extension for WindowsStandalone target not found
Refreshing native plugins compatible for Editor in 0.41 ms, found 0 plugins.
Preloading 0 native plugins for Editor in 0.00 ms.
Mono: successfully reloaded assembly
- Completed reload, in  3.337 seconds
Platform modules already initialized, skipping
Refreshing native plugins compatible for Editor in 0.53 ms, found 0 plugins.
Preloading 0 native plugins for Editor in 0.00 ms.
Unloading 1128 Unused Serialized files (Serialized files now loaded: 0)
System memory in use before: 59.4 MB.
System memory in use after: 59.5 MB.

Unloading 4 unused Assets to reduce memory usage. Loaded Objects now: 1617.
Total: 5.471500 ms (FindLiveObjects: 0.347500 ms CreateObjectMapping: 0.192700 ms MarkObjects: 4.862600 ms  DeleteObjects: 0.065600 ms)

========================================================================
Received Import Request.
  Time since last request: 11041.665013 seconds.
  path: Assets/Scripts/Managers/GameManager.cs
  artifactKey: Guid(cbad6f4632943c54e8a528174e2a5854) Importer(815301076,1909f56bfc062723c751e8b465ee728b)
Start importing Assets/Scripts/Managers/GameManager.cs using Guid(cbad6f4632943c54e8a528174e2a5854) Importer(815301076,1909f56bfc062723c751e8b465ee728b)  -> (artifact id: '99dd3523b9124d97ff31b05f02cbd819') in 0.024237 seconds 
========================================================================
Received Prepare
Registering precompiled user dll's ...
Registered in 0.001865 seconds.
Begin MonoManager ReloadAssembly
Native extension for WindowsStandalone target not found
Refreshing native plugins compatible for Editor in 0.49 ms, found 0 plugins.
Preloading 0 native plugins for Editor in 0.00 ms.
Mono: successfully reloaded assembly
- Completed reload, in  2.432 seconds
Platform modules already initialized, skipping
Refreshing native plugins compatible for Editor in 0.55 ms, found 0 plugins.
Preloading 0 native plugins for Editor in 0.00 ms.
Unloading 1128 Unused Serialized files (Serialized files now loaded: 0)
System memory in use before: 59.4 MB.
System memory in use after: 59.5 MB.

Unloading 4 unused Assets to reduce memory usage. Loaded Objects now: 1620.
Total: 4.666300 ms (FindLiveObjects: 0.301200 ms CreateObjectMapping: 0.123100 ms MarkObjects: 4.209000 ms  DeleteObjects: 0.030000 ms)

========================================================================
Received Import Request.
  Time since last request: 417.615984 seconds.
  path: Assets/Scripts/UI
  artifactKey: Guid(07509ca7c67820840aad426ddfbfd923) Importer(815301076,1909f56bfc062723c751e8b465ee728b)
Start importing Assets/Scripts/UI using Guid(07509ca7c67820840aad426ddfbfd923) Importer(815301076,1909f56bfc062723c751e8b465ee728b)  -> (artifact id: '068ad8e5beff9653a43f5898e33f73ac') in 0.045276 seconds 
========================================================================
Received Import Request.
  Time since last request: 53.705187 seconds.
  path: Assets/Scripts/UI/BootLoader.cs
  artifactKey: Guid(43d9f42afadc92648b48ad8ef9b100c5) Importer(815301076,1909f56bfc062723c751e8b465ee728b)
Start importing Assets/Scripts/UI/BootLoader.cs using Guid(43d9f42afadc92648b48ad8ef9b100c5) Importer(815301076,1909f56bfc062723c751e8b465ee728b)  -> (artifact id: '12172ab09b91ff3417bb821cbfd1555f') in 0.026632 seconds 
========================================================================
Received Prepare
Registering precompiled user dll's ...
Registered in 0.001410 seconds.
Begin MonoManager ReloadAssembly
Native extension for WindowsStandalone target not found
Refreshing native plugins compatible for Editor in 0.62 ms, found 0 plugins.
Preloading 0 native plugins for Editor in 0.00 ms.
Mono: successfully reloaded assembly
- Completed reload, in  2.485 seconds
Platform modules already initialized, skipping
Refreshing native plugins compatible for Editor in 0.65 ms, found 0 plugins.
Preloading 0 native plugins for Editor in 0.00 ms.
Unloading 1129 Unused Serialized files (Serialized files now loaded: 0)
System memory in use before: 59.4 MB.
System memory in use after: 59.5 MB.

Unloading 4 unused Assets to reduce memory usage. Loaded Objects now: 1624.
Total: 4.939000 ms (FindLiveObjects: 0.335400 ms CreateObjectMapping: 0.142600 ms MarkObjects: 4.424100 ms  DeleteObjects: 0.034900 ms)

========================================================================
Received Prepare
Registering precompiled user dll's ...
Registered in 0.001677 seconds.
Begin MonoManager ReloadAssembly
Native extension for WindowsStandalone target not found
Refreshing native plugins compatible for Editor in 0.40 ms, found 0 plugins.
Preloading 0 native plugins for Editor in 0.00 ms.
Mono: successfully reloaded assembly
- Completed reload, in  3.131 seconds
Platform modules already initialized, skipping
Refreshing native plugins compatible for Editor in 0.39 ms, found 0 plugins.
Preloading 0 native plugins for Editor in 0.00 ms.
Unloading 1129 Unused Serialized files (Serialized files now loaded: 0)
System memory in use before: 59.4 MB.
System memory in use after: 59.5 MB.

Unloading 4 unused Assets to reduce memory usage. Loaded Objects now: 1627.
Total: 3.027900 ms (FindLiveObjects: 0.172100 ms CreateObjectMapping: 0.056300 ms MarkObjects: 2.774300 ms  DeleteObjects: 0.022300 ms)

========================================================================
Received Import Request.
  Time since last request: 438.496212 seconds.
  path: Assets/Scripts/UI/BootLoader.cs
  artifactKey: Guid(43d9f42afadc92648b48ad8ef9b100c5) Importer(815301076,1909f56bfc062723c751e8b465ee728b)
Start importing Assets/Scripts/UI/BootLoader.cs using Guid(43d9f42afadc92648b48ad8ef9b100c5) Importer(815301076,1909f56bfc062723c751e8b465ee728b)  -> (artifact id: '982d50ed45a20f382110514ecf337a16') in 0.021291 seconds 
========================================================================
Received Import Request.
  Time since last request: 94.933987 seconds.
  path: Assets/Scenes/TitleScreen.unity
  artifactKey: Guid(98a9fea3ae712444984e72dc9ed19a1f) Importer(815301076,1909f56bfc062723c751e8b465ee728b)
Start importing Assets/Scenes/TitleScreen.unity using Guid(98a9fea3ae712444984e72dc9ed19a1f) Importer(815301076,1909f56bfc062723c751e8b465ee728b)  -> (artifact id: '96a98a63647f149ca23dab618bdc5e8a') in 0.922867 seconds 
========================================================================
Received Prepare
Registering precompiled user dll's ...
Registered in 0.002157 seconds.
Begin MonoManager ReloadAssembly
Native extension for WindowsStandalone target not found
Refreshing native plugins compatible for Editor in 0.38 ms, found 0 plugins.
Preloading 0 native plugins for Editor in 0.00 ms.
Mono: successfully reloaded assembly
- Completed reload, in  2.003 seconds
Platform modules already initialized, skipping
Refreshing native plugins compatible for Editor in 0.67 ms, found 0 plugins.
Preloading 0 native plugins for Editor in 0.00 ms.
Unloading 1129 Unused Serialized files (Serialized files now loaded: 0)
System memory in use before: 59.4 MB.
System memory in use after: 59.5 MB.

Unloading 4 unused Assets to reduce memory usage. Loaded Objects now: 1630.
Total: 5.163700 ms (FindLiveObjects: 0.282600 ms CreateObjectMapping: 0.114400 ms MarkObjects: 4.728700 ms  DeleteObjects: 0.034200 ms)

========================================================================
Received Prepare
Registering precompiled user dll's ...
Registered in 0.001635 seconds.
Begin MonoManager ReloadAssembly
Native extension for WindowsStandalone target not found
Refreshing native plugins compatible for Editor in 0.37 ms, found 0 plugins.
Preloading 0 native plugins for Editor in 0.00 ms.
Mono: successfully reloaded assembly
- Completed reload, in  2.985 seconds
Platform modules already initialized, skipping
Refreshing native plugins compatible for Editor in 0.95 ms, found 0 plugins.
Preloading 0 native plugins for Editor in 0.00 ms.
Unloading 1129 Unused Serialized files (Serialized files now loaded: 0)
System memory in use before: 59.4 MB.
System memory in use after: 59.5 MB.

Unloading 4 unused Assets to reduce memory usage. Loaded Objects now: 1633.
Total: 6.234000 ms (FindLiveObjects: 0.433900 ms CreateObjectMapping: 0.165700 ms MarkObjects: 5.582200 ms  DeleteObjects: 0.048200 ms)

========================================================================
Received Prepare
Registering precompiled user dll's ...
Registered in 0.002509 seconds.
Begin MonoManager ReloadAssembly
Native extension for WindowsStandalone target not found
Refreshing native plugins compatible for Editor in 0.61 ms, found 0 plugins.
Preloading 0 native plugins for Editor in 0.00 ms.
Mono: successfully reloaded assembly
- Completed reload, in  2.626 seconds
Platform modules already initialized, skipping
Refreshing native plugins compatible for Editor in 0.59 ms, found 0 plugins.
Preloading 0 native plugins for Editor in 0.00 ms.
Unloading 1125 Unused Serialized files (Serialized files now loaded: 0)
System memory in use before: 59.4 MB.
System memory in use after: 59.5 MB.

Unloading 4 unused Assets to reduce memory usage. Loaded Objects now: 1636.
Total: 5.169400 ms (FindLiveObjects: 0.374800 ms CreateObjectMapping: 0.144800 ms MarkObjects: 4.617500 ms  DeleteObjects: 0.029500 ms)

========================================================================
Received Prepare
Registering precompiled user dll's ...
Registered in 0.001726 seconds.
Begin MonoManager ReloadAssembly
Native extension for WindowsStandalone target not found
Refreshing native plugins compatible for Editor in 0.33 ms, found 0 plugins.
Preloading 0 native plugins for Editor in 0.00 ms.
Mono: successfully reloaded assembly
- Completed reload, in  2.233 seconds
Platform modules already initialized, skipping
Refreshing native plugins compatible for Editor in 0.66 ms, found 0 plugins.
Preloading 0 native plugins for Editor in 0.00 ms.
Unloading 1129 Unused Serialized files (Serialized files now loaded: 0)
System memory in use before: 59.4 MB.
System memory in use after: 59.5 MB.

Unloading 4 unused Assets to reduce memory usage. Loaded Objects now: 1639.
Total: 4.923700 ms (FindLiveObjects: 0.270700 ms CreateObjectMapping: 0.121500 ms MarkObjects: 4.496400 ms  DeleteObjects: 0.032000 ms)

========================================================================
Received Prepare
Registering precompiled user dll's ...
Registered in 0.001428 seconds.
Begin MonoManager ReloadAssembly
Native extension for WindowsStandalone target not found
Refreshing native plugins compatible for Editor in 0.37 ms, found 0 plugins.
Preloading 0 native plugins for Editor in 0.00 ms.
Mono: successfully reloaded assembly
- Completed reload, in  2.067 seconds
Platform modules already initialized, skipping
Refreshing native plugins compatible for Editor in 0.63 ms, found 0 plugins.
Preloading 0 native plugins for Editor in 0.00 ms.
Unloading 1129 Unused Serialized files (Serialized files now loaded: 0)
System memory in use before: 59.5 MB.
System memory in use after: 59.5 MB.

Unloading 4 unused Assets to reduce memory usage. Loaded Objects now: 1642.
Total: 5.950200 ms (FindLiveObjects: 0.300100 ms CreateObjectMapping: 0.126600 ms MarkObjects: 5.485200 ms  DeleteObjects: 0.034700 ms)

========================================================================
Received Import Request.
  Time since last request: 1523.656996 seconds.
  path: Assets/Scenes/TitleScreen.unity
  artifactKey: Guid(98a9fea3ae712444984e72dc9ed19a1f) Importer(815301076,1909f56bfc062723c751e8b465ee728b)
Start importing Assets/Scenes/TitleScreen.unity using Guid(98a9fea3ae712444984e72dc9ed19a1f) Importer(815301076,1909f56bfc062723c751e8b465ee728b)  -> (artifact id: '67f885578aca4f0e65b9e90b6beb5f66') in 0.028187 seconds 
========================================================================
Received Prepare
Registering precompiled user dll's ...
Registered in 0.001533 seconds.
Begin MonoManager ReloadAssembly
Native extension for WindowsStandalone target not found
Refreshing native plugins compatible for Editor in 0.51 ms, found 0 plugins.
Preloading 0 native plugins for Editor in 0.00 ms.
Mono: successfully reloaded assembly
- Completed reload, in  2.299 seconds
Platform modules already initialized, skipping
Refreshing native plugins compatible for Editor in 0.58 ms, found 0 plugins.
Preloading 0 native plugins for Editor in 0.00 ms.
Unloading 1129 Unused Serialized files (Serialized files now loaded: 0)
System memory in use before: 59.5 MB.
System memory in use after: 59.6 MB.

Unloading 4 unused Assets to reduce memory usage. Loaded Objects now: 1645.
Total: 4.670000 ms (FindLiveObjects: 0.297800 ms CreateObjectMapping: 0.129400 ms MarkObjects: 4.187600 ms  DeleteObjects: 0.052000 ms)

